<?xml version="1.0" encoding="UTF-8"?>
<!-- Generated by org.testng.reporters.JUnitReportReporter -->
<testsuite skipped="0" hostname="ERGO02" name="com.test.demoblaze.TestCasesExecution" tests="5" failures="0" timestamp="2022-01-04T12:44:13 IST" time="32.162" errors="0">
  <testcase name="signUpProcess" time="4.002" classname="com.test.demoblaze.TestCasesExecution"/>
  <system-out/>
  <testcase name="LoginProcess" time="1.289" classname="com.test.demoblaze.TestCasesExecution"/>
  <system-out/>
  <testcase name="signOutProcess" time="5.243" classname="com.test.demoblaze.TestCasesExecution"/>
  <system-out/>
  <testcase name="placeOrderRequest" time="21.004" classname="com.test.demoblaze.TestCasesExecution"/>
  <system-out/>
  <testcase name="closeBrowser" time="0.624" classname="com.test.demoblaze.TestCasesExecution"/>
  <system-out/>
</testsuite> <!-- com.test.demoblaze.TestCasesExecution -->
