<?xml version="1.0" encoding="UTF-8"?>
<!-- Generated by org.testng.reporters.JUnitReportReporter -->
<testsuite hostname="ERGO02" failures="0" tests="5" name="com.test.demoblaze.TestCasesExecution" time="31.707" errors="0" timestamp="2022-01-04T13:17:49 IST" skipped="0">
  <testcase classname="com.test.demoblaze.TestCasesExecution" name="signUpProcess" time="4.185"/>
  <system-out/>
  <testcase classname="com.test.demoblaze.TestCasesExecution" name="LoginProcess" time="1.328"/>
  <system-out/>
  <testcase classname="com.test.demoblaze.TestCasesExecution" name="signOutProcess" time="6.511"/>
  <system-out/>
  <testcase classname="com.test.demoblaze.TestCasesExecution" name="placeOrderRequest" time="19.506"/>
  <system-out/>
  <testcase classname="com.test.demoblaze.TestCasesExecution" name="closeBrowser" time="0.177"/>
  <system-out/>
</testsuite> <!-- com.test.demoblaze.TestCasesExecution -->
